<?xml version="1.0" encoding="UTF-8"?>
<!-- Generated by org.testng.reporters.JUnitReportReporter -->
<testsuite skipped="18" hostname="RAJUK4" name="com.automation.drivers.DriverScript_BulkImport" tests="18" failures="0" timestamp="08 Mar 2018 05:10:11 GMT" time="0.000" errors="0">
  <testcase name="UploadCP" time="0.000" classname="com.automation.drivers.DriverScript_BulkImport">
    <skipped/>
  </testcase> <!-- UploadCP -->
  <testcase name="UploadDP1" time="0.000" classname="com.automation.drivers.DriverScript_BulkImport">
    <skipped/>
  </testcase> <!-- UploadDP1 -->
  <testcase name="CreateBulkImport_SimpleUplinkFlow_GU" time="0.000" classname="com.automation.drivers.DriverScript_BulkImport">
    <skipped/>
  </testcase> <!-- CreateBulkImport_SimpleUplinkFlow_GU -->
  <testcase name="UpdateBulkImport_SimpleUplinkFlow_GU" time="0.000" classname="com.automation.drivers.DriverScript_BulkImport">
    <skipped/>
  </testcase> <!-- UpdateBulkImport_SimpleUplinkFlow_GU -->
  <testcase name="DeleteBulkImport_SimpleUplinkFlow_GU" time="0.000" classname="com.automation.drivers.DriverScript_BulkImport">
    <skipped/>
  </testcase> <!-- DeleteBulkImport_SimpleUplinkFlow_GU -->
  <testcase name="CreateBulkImport_SimpleDownlinkFlow_GU" time="0.000" classname="com.automation.drivers.DriverScript_BulkImport">
    <skipped/>
  </testcase> <!-- CreateBulkImport_SimpleDownlinkFlow_GU -->
  <testcase name="UpdateBulkImport_SimpleDownlinkFlow_GU" time="0.000" classname="com.automation.drivers.DriverScript_BulkImport">
    <skipped/>
  </testcase> <!-- UpdateBulkImport_SimpleDownlinkFlow_GU -->
  <testcase name="DeleteBulkImport_SimpleDownlinkFlow_GU" time="0.000" classname="com.automation.drivers.DriverScript_BulkImport">
    <skipped/>
  </testcase> <!-- DeleteBulkImport_SimpleDownlinkFlow_GU -->
  <testcase name="UploadDP4" time="0.000" classname="com.automation.drivers.DriverScript_BulkImport">
    <skipped/>
  </testcase> <!-- UploadDP4 -->
  <testcase name="CreateBulkImport_DecryptUplinkFlow_GU" time="0.000" classname="com.automation.drivers.DriverScript_BulkImport">
    <skipped/>
  </testcase> <!-- CreateBulkImport_DecryptUplinkFlow_GU -->
  <testcase name="UpdateBulkImport_DecryptUplinkFlow_GU" time="0.000" classname="com.automation.drivers.DriverScript_BulkImport">
    <skipped/>
  </testcase> <!-- UpdateBulkImport_DecryptUplinkFlow_GU -->
  <testcase name="DeleteBulkImport_DecryptUplinkFlow_GU" time="0.000" classname="com.automation.drivers.DriverScript_BulkImport">
    <skipped/>
  </testcase> <!-- DeleteBulkImport_DecryptUplinkFlow_GU -->
  <testcase name="CreateBulkImport_EncryptDownlinkFlow_GU" time="0.000" classname="com.automation.drivers.DriverScript_BulkImport">
    <skipped/>
  </testcase> <!-- CreateBulkImport_EncryptDownlinkFlow_GU -->
  <testcase name="UpdateBulkImport_EncryptDownlinkFlow_GU" time="0.000" classname="com.automation.drivers.DriverScript_BulkImport">
    <skipped/>
  </testcase> <!-- UpdateBulkImport_EncryptDownlinkFlow_GU -->
  <testcase name="DeleteBulkImport_EncryptDownlinkFlow_GU" time="0.000" classname="com.automation.drivers.DriverScript_BulkImport">
    <skipped/>
  </testcase> <!-- DeleteBulkImport_EncryptDownlinkFlow_GU -->
  <testcase name="UploadDP2" classname="com.automation.drivers.DriverScript_BulkImport">
    <skipped/>
  </testcase> <!-- UploadDP2 -->
  <testcase name="MQTTCreate_SimpleUplinkFlow_GU" classname="com.automation.drivers.DriverScript_BulkImport">
    <skipped/>
  </testcase> <!-- MQTTCreate_SimpleUplinkFlow_GU -->
  <testcase name="UploadDP3" classname="com.automation.drivers.DriverScript_BulkImport">
    <skipped/>
  </testcase> <!-- UploadDP3 -->
</testsuite> <!-- com.automation.drivers.DriverScript_BulkImport -->
