<?xml version="1.0" encoding="UTF-8"?>
<!-- Generated by org.testng.reporters.JUnitReportReporter -->
<testsuite skipped="0" hostname="RAJUK4" name="com.automation.drivers.DriverScript_RoleMgmt" tests="1" failures="0" timestamp="16 Mar 2018 09:21:21 GMT" time="70.537" errors="0">
  <testcase name="VerifyCreateGroupRoleFunctionality" time="70.537" classname="com.automation.drivers.DriverScript_RoleMgmt"/>
</testsuite> <!-- com.automation.drivers.DriverScript_RoleMgmt -->
